<?xml version="1.0" encoding="UTF-8"?>
<!-- Generated by org.testng.reporters.JUnitReportReporter -->
<testsuite hostname="HABEEBUNNISA" failures="0" tests="1" name="Logonmysql.Base.Login" time="6.635" errors="0" timestamp="2024-02-15T17:08:28 IST" skipped="0">
  <testcase classname="Logonmysql.Base.Login" name="Logon" time="6.635"/>
  <system-out/>
</testsuite> <!-- Logonmysql.Base.Login -->
