<?xml version="1.0" encoding="UTF-8"?>
<!-- Generated by org.testng.reporters.JUnitReportReporter -->
<testsuite hostname="HABEEBUNNISA" failures="0" tests="2" name="youtube.Base.Tests" time="3.478" errors="0" timestamp="2024-02-18T22:35:09 IST" skipped="0">
  <testcase classname="youtube.Base.Tests" name="scroll" time="1.106"/>
  <system-out/>
  <testcase classname="youtube.Base.Tests" name="play" time="2.372"/>
  <system-out/>
</testsuite> <!-- youtube.Base.Tests -->
