<?xml version="1.0" encoding="UTF-8"?>
<!-- Generated by org.testng.reporters.JUnitReportReporter -->
<testsuite hostname="HABEEBUNNISA" failures="0" tests="2" name="extentReports.Tests.Tests" time="2.263" errors="0" timestamp="2024-02-18T20:04:51 IST" skipped="0">
  <testcase classname="extentReports.Tests.Tests" name="addToCart" time="1.855"/>
  <system-out/>
  <testcase classname="extentReports.Tests.Tests" name="login" time="0.408"/>
  <system-out/>
</testsuite> <!-- extentReports.Tests.Tests -->
