<?xml version="1.0" encoding="UTF-8"?>
<!-- Generated by org.testng.reporters.JUnitReportReporter -->
<testsuite hostname="HABEEBUNNISA" failures="0" tests="2" name="extentReports.Tests.Tests" time="2.277" errors="0" timestamp="2024-02-18T19:49:33 IST" skipped="0">
  <testcase classname="extentReports.Tests.Tests" name="login" time="1.494"/>
  <system-out/>
  <testcase classname="extentReports.Tests.Tests" name="addToCart" time="0.783"/>
  <system-out/>
</testsuite> <!-- extentReports.Tests.Tests -->
