<?xml version="1.0" encoding="UTF-8"?>
<!-- Generated by org.testng.reporters.JUnitReportReporter -->
<testsuite hostname="HABEEBUNNISA" failures="0" tests="1" name="Calender.Tests.DatePicker" time="5.403" errors="0" timestamp="2024-02-24T19:24:37 IST" skipped="0">
  <testcase classname="Calender.Tests.DatePicker" name="selectDate" time="5.403"/>
  <system-out/>
</testsuite> <!-- Calender.Tests.DatePicker -->
