<?xml version="1.0" encoding="UTF-8"?>
<!-- Generated by org.testng.reporters.JUnitReportReporter -->
<testsuite hostname="HABEEBUNNISA" failures="0" tests="1" name="Calender.Tests.DatePicker" time="5.074" errors="0" timestamp="2024-02-24T15:53:23 IST" skipped="0">
  <testcase classname="Calender.Tests.DatePicker" name="selectDate" time="5.074"/>
  <system-out/>
</testsuite> <!-- Calender.Tests.DatePicker -->
