<?xml version="1.0" encoding="UTF-8"?>
<!-- Generated by org.testng.reporters.JUnitReportReporter -->
<testsuite hostname="HABEEBUNNISA" failures="0" tests="1" name="Calender.Base.Base" time="6.698" errors="0" timestamp="2024-02-22T00:18:08 IST" skipped="0">
  <testcase classname="Calender.Base.Base" name="setUp" time="6.698"/>
  <system-out/>
</testsuite> <!-- Calender.Base.Base -->
