<?xml version="1.0" encoding="UTF-8"?>
<!-- Generated by org.testng.reporters.JUnitReportReporter -->
<testsuite hostname="HABEEBUNNISA" failures="0" tests="1" name="Calender.Tests.DatePicker" time="10.566" errors="0" timestamp="2024-02-24T16:15:00 IST" skipped="0">
  <testcase classname="Calender.Tests.DatePicker" name="selectDate" time="10.566"/>
  <system-out/>
</testsuite> <!-- Calender.Tests.DatePicker -->
