<?xml version="1.0" encoding="UTF-8"?>
<!-- Generated by org.testng.reporters.JUnitReportReporter -->
<testsuite hostname="HABEEBUNNISA" failures="0" tests="3" name="Fluent.Tests.Tests" time="1.294" errors="0" timestamp="2024-02-20T14:33:05 IST" skipped="0">
  <testcase classname="Fluent.Tests.Tests" name="void_add_to_cart" time="0.184"/>
  <system-out/>
  <testcase classname="Fluent.Tests.Tests" name="Login" time="0.589"/>
  <system-out/>
  <testcase classname="Fluent.Tests.Tests" name="remove" time="0.521"/>
  <system-out/>
</testsuite> <!-- Fluent.Tests.Tests -->
