<?xml version="1.0" encoding="UTF-8"?>
<!-- Generated by org.testng.reporters.JUnitReportReporter -->
<testsuite hostname="HABEEBUNNISA" failures="0" tests="3" name="Fluent.Tests.Tests" time="2.336" errors="0" timestamp="2024-02-20T15:09:56 IST" skipped="0">
  <testcase classname="Fluent.Tests.Tests" name="void_add_to_cart" time="0.274"/>
  <system-out/>
  <testcase classname="Fluent.Tests.Tests" name="remove" time="0.992"/>
  <system-out/>
  <testcase classname="Fluent.Tests.Tests" name="Login" time="1.070"/>
  <system-out/>
</testsuite> <!-- Fluent.Tests.Tests -->
