<?xml version="1.0" encoding="UTF-8"?>
<!-- Generated by org.testng.reporters.JUnitReportReporter -->
<testsuite hostname="HABEEBUNNISA" failures="0" tests="1" name="CucumbExcel.Runner.TestNgRun" time="48.543" errors="0" timestamp="2024-02-17T11:59:43 IST" skipped="0">
  <testcase classname="CucumbExcel.Runner.TestNgRun" name="runScenario" time="48.543"/>
</testsuite> <!-- CucumbExcel.Runner.TestNgRun -->
