<?xml version="1.0" encoding="UTF-8"?>
<!-- Generated by org.testng.reporters.JUnitReportReporter -->
<testsuite hostname="HABEEBUNNISA" failures="0" tests="1" name="CheckBox.Tests.Tests" time="0.174" errors="0" timestamp="2024-03-14T05:40:56 IST" skipped="0">
  <testcase classname="CheckBox.Tests.Tests" name="selectCheck" time="0.174"/>
  <system-out/>
</testsuite> <!-- CheckBox.Tests.Tests -->
