<?xml version="1.0" encoding="UTF-8"?>
<!-- Generated by org.testng.reporters.JUnitReportReporter -->
<testsuite hostname="HABEEBUNNISA" failures="0" tests="1" name="brokenLink.Tests.BrokenLinkTest" time="15.769" errors="0" timestamp="2024-02-25T14:35:59 IST" skipped="0">
  <testcase classname="brokenLink.Tests.BrokenLinkTest" name="checkBrokenLink" time="15.769"/>
  <system-out/>
</testsuite> <!-- brokenLink.Tests.BrokenLinkTest -->
