<?xml version="1.0" encoding="UTF-8"?>
<!-- Generated by org.testng.reporters.JUnitReportReporter -->
<testsuite hostname="HABEEBUNNISA" failures="0" tests="1" name="Logon.Logn" time="0.431" errors="0" timestamp="2024-02-10T18:55:07 IST" skipped="0">
  <testcase classname="Logon.Logn" name="ChechLogin" time="0.431"/>
  <system-out/>
</testsuite> <!-- Logon.Logn -->
