<?xml version="1.0" encoding="UTF-8"?>
<!-- Generated by org.testng.reporters.JUnitReportReporter -->
<testsuite hostname="HABEEBUNNISA" failures="0" tests="1" name="cucumb.Tests.TestNgTestRunner" time="26.183" errors="0" timestamp="2024-02-13T00:15:20 IST" skipped="0">
  <testcase classname="cucumb.Tests.TestNgTestRunner" name="runScenario" time="26.183"/>
  <system-out/>
</testsuite> <!-- cucumb.Tests.TestNgTestRunner -->
