<?xml version="1.0" encoding="UTF-8"?>
<!-- Generated by org.testng.reporters.JUnitReportReporter -->
<testsuite hostname="HABEEBUNNISA" failures="0" tests="1" name="Upload.upload" time="5.364" errors="0" timestamp="2024-02-11T16:16:20 IST" skipped="0">
  <testcase classname="Upload.upload" name="upload" time="5.364"/>
  <system-out/>
</testsuite> <!-- Upload.upload -->
